<?xml version="1.0" encoding="UTF-8"?>
<!-- Generated by org.testng.reporters.JUnitReportReporter -->
<testsuite hostname="LAPTOP-D358TKPT" failures="0" tests="1" name="test.NewTest" time="13.471" errors="0" timestamp="2024-05-12T12:27:14 IST" skipped="0">
  <testcase classname="test.NewTest" name="f" time="13.471"/>
</testsuite> <!-- test.NewTest -->
